# JRE version: OpenJDK Runtime Environment (17.0.19+10) (build 17.0.19+10-1-deb12u2-Debian)
# Java VM: OpenJDK 64-Bit Server VM (17.0.19+10-1-deb12u2-Debian, mixed mode, sharing, tiered, compressed oops, compressed class ptrs, g1 gc, linux-amd64)
GC Precious Log:
 CPUs: 2 total, 2 available
 Memory: 2760M
 Large Page Support: Disabled
 NUMA Support: Disabled
 Compressed Oops: Enabled (32-bit)
 Heap Region Size: 1M
 Heap Min Capacity: 8M
 Heap Initial Capacity: 44M
 Heap Max Capacity: 692M
 Pre-touch: Disabled
 Parallel Workers: 2
 Concurrent Workers: 1
 Concurrent Refinement Workers: 2
 Periodic GC: Disabled
Heap:
 garbage-first heap   total 57344K, used 28012K [0x00000000d4c00000, 0x0000000100000000)
  region size 1024K, 18 young (18432K), 2 survivors (2048K)
 Metaspace       used 9769K, committed 10048K, reserved 1114112K
  class space    used 1271K, committed 1408K, reserved 1048576K
GC Heap History (10 events):
Event: 2.290 GC heap before
{Heap before GC invocations=0 (full 0):
 garbage-first heap   total 47104K, used 7092K [0x00000000d4c00000, 0x0000000100000000)
  region size 1024K, 6 young (6144K), 0 survivors (0K)
 Metaspace       used 1684K, committed 1792K, reserved 1114112K
  class space    used 173K, committed 192K, reserved 1048576K
}
Event: 2.363 GC heap after
{Heap after GC invocations=1 (full 0):
 garbage-first heap   total 47104K, used 2218K [0x00000000d4c00000, 0x0000000100000000)
  region size 1024K, 1 young (1024K), 1 survivors (1024K)
 Metaspace       used 1684K, committed 1792K, reserved 1114112K
  class space    used 173K, committed 192K, reserved 1048576K
}
Event: 3.064 GC heap before
{Heap before GC invocations=1 (full 0):
 garbage-first heap   total 47104K, used 6314K [0x00000000d4c00000, 0x0000000100000000)
  region size 1024K, 6 young (6144K), 1 survivors (1024K)
 Metaspace       used 1824K, committed 1984K, reserved 1114112K
  class space    used 180K, committed 256K, reserved 1048576K
}
Event: 3.093 GC heap after
{Heap after GC invocations=2 (full 0):
 garbage-first heap   total 47104K, used 2659K [0x00000000d4c00000, 0x0000000100000000)
  region size 1024K, 1 young (1024K), 1 survivors (1024K)
 Metaspace       used 1824K, committed 1984K, reserved 1114112K
  class space    used 180K, committed 256K, reserved 1048576K
}
Event: 6.255 GC heap before
{Heap before GC invocations=2 (full 0):
 garbage-first heap   total 47104K, used 16995K [0x00000000d4c00000, 0x0000000100000000)
  region size 1024K, 11 young (11264K), 1 survivors (1024K)
 Metaspace       used 3431K, committed 3584K, reserved 1114112K
  class space    used 415K, committed 512K, reserved 1048576K
}
Event: 6.293 GC heap after
{Heap after GC invocations=3 (full 0):
 garbage-first heap   total 47104K, used 11287K [0x00000000d4c00000, 0x0000000100000000)
  region size 1024K, 2 young (2048K), 2 survivors (2048K)
 Metaspace       used 3431K, committed 3584K, reserved 1114112K
  class space    used 415K, committed 512K, reserved 1048576K
}
Event: 8.759 GC heap before
{Heap before GC invocations=3 (full 0):
 garbage-first heap   total 47104K, used 21527K [0x00000000d4c00000, 0x0000000100000000)
  region size 1024K, 12 young (12288K), 2 survivors (2048K)
 Metaspace       used 6384K, committed 6592K, reserved 1114112K
  class space    used 862K, committed 960K, reserved 1048576K
}
Event: 8.793 GC heap after
{Heap after GC invocations=4 (full 0):
 garbage-first heap   total 47104K, used 11990K [0x00000000d4c00000, 0x0000000100000000)
  region size 1024K, 1 young (1024K), 1 survivors (1024K)
 Metaspace       used 6384K, committed 6592K, reserved 1114112K
  class space    used 862K, committed 960K, reserved 1048576K
}
Event: 24.396 GC heap before
{Heap before GC invocations=4 (full 0):
 garbage-first heap   total 47104K, used 23254K [0x00000000d4c00000, 0x0000000100000000)
  region size 1024K, 12 young (12288K), 1 survivors (1024K)
 Metaspace       used 9059K, committed 9216K, reserved 1114112K
  class space    used 1227K, committed 1280K, reserved 1048576K
}
Event: 24.518 GC heap after
{Heap after GC invocations=5 (full 0):
 garbage-first heap   total 57344K, used 12652K [0x00000000d4c00000, 0x0000000100000000)
  region size 1024K, 2 young (2048K), 2 survivors (2048K)
 Metaspace       used 9059K, committed 9216K, reserved 1114112K
  class space    used 1227K, committed 1280K, reserved 1048576K
}

