# JRE version: OpenJDK Runtime Environment (17.0.19+10) (build 17.0.19+10-1-deb12u2-Debian)
# Java VM: OpenJDK 64-Bit Server VM (17.0.19+10-1-deb12u2-Debian, mixed mode, sharing, tiered, compressed oops, compressed class ptrs, g1 gc, linux-amd64)
GC Precious Log:
 CPUs: 2 total, 2 available
 Memory: 2760M
 Large Page Support: Disabled
 NUMA Support: Disabled
 Compressed Oops: Enabled (32-bit)
 Heap Region Size: 1M
 Heap Min Capacity: 8M
 Heap Initial Capacity: 44M
 Heap Max Capacity: 692M
 Pre-touch: Disabled
 Parallel Workers: 2
 Concurrent Workers: 1
 Concurrent Refinement Workers: 2
 Periodic GC: Disabled
Heap:
 garbage-first heap   total 47104K, used 15502K [0x00000000d4c00000, 0x0000000100000000)
  region size 1024K, 5 young (5120K), 1 survivors (1024K)
 Metaspace       used 9486K, committed 9792K, reserved 1114112K
  class space    used 1251K, committed 1408K, reserved 1048576K
GC Heap History (8 events):
Event: 1.431 GC heap before
{Heap before GC invocations=0 (full 0):
 garbage-first heap   total 47104K, used 6068K [0x00000000d4c00000, 0x0000000100000000)
  region size 1024K, 6 young (6144K), 0 survivors (0K)
 Metaspace       used 1679K, committed 1792K, reserved 1114112K
  class space    used 173K, committed 192K, reserved 1048576K
}
Event: 1.438 GC heap after
{Heap after GC invocations=1 (full 0):
 garbage-first heap   total 47104K, used 2213K [0x00000000d4c00000, 0x0000000100000000)
  region size 1024K, 1 young (1024K), 1 survivors (1024K)
 Metaspace       used 1679K, committed 1792K, reserved 1114112K
  class space    used 173K, committed 192K, reserved 1048576K
}
Event: 2.899 GC heap before
{Heap before GC invocations=1 (full 0):
 garbage-first heap   total 47104K, used 7333K [0x00000000d4c00000, 0x0000000100000000)
  region size 1024K, 7 young (7168K), 1 survivors (1024K)
 Metaspace       used 1818K, committed 1984K, reserved 1114112K
  class space    used 180K, committed 256K, reserved 1048576K
}
Event: 2.922 GC heap after
{Heap after GC invocations=2 (full 0):
 garbage-first heap   total 47104K, used 3606K [0x00000000d4c00000, 0x0000000100000000)
  region size 1024K, 1 young (1024K), 1 survivors (1024K)
 Metaspace       used 1818K, committed 1984K, reserved 1114112K
  class space    used 180K, committed 256K, reserved 1048576K
}
Event: 9.433 GC heap before
{Heap before GC invocations=2 (full 0):
 garbage-first heap   total 47104K, used 22038K [0x00000000d4c00000, 0x0000000100000000)
  region size 1024K, 16 young (16384K), 1 survivors (1024K)
 Metaspace       used 5146K, committed 5312K, reserved 1114112K
  class space    used 685K, committed 768K, reserved 1048576K
}
Event: 9.475 GC heap after
{Heap after GC invocations=3 (full 0):
 garbage-first heap   total 47104K, used 11663K [0x00000000d4c00000, 0x0000000100000000)
  region size 1024K, 2 young (2048K), 2 survivors (2048K)
 Metaspace       used 5146K, committed 5312K, reserved 1114112K
  class space    used 685K, committed 768K, reserved 1048576K
}
Event: 13.242 GC heap before
{Heap before GC invocations=3 (full 0):
 garbage-first heap   total 47104K, used 24975K [0x00000000d4c00000, 0x0000000100000000)
  region size 1024K, 15 young (15360K), 2 survivors (2048K)
 Metaspace       used 8351K, committed 8576K, reserved 1114112K
  class space    used 1140K, committed 1280K, reserved 1048576K
}
Event: 13.289 GC heap after
{Heap after GC invocations=4 (full 0):
 garbage-first heap   total 47104K, used 12430K [0x00000000d4c00000, 0x0000000100000000)
  region size 1024K, 1 young (1024K), 1 survivors (1024K)
 Metaspace       used 8351K, committed 8576K, reserved 1114112K
  class space    used 1140K, committed 1280K, reserved 1048576K
}

