# JRE version: OpenJDK Runtime Environment (17.0.19+10) (build 17.0.19+10-1-deb12u2-Debian)
# Java VM: OpenJDK 64-Bit Server VM (17.0.19+10-1-deb12u2-Debian, mixed mode, sharing, tiered, compressed oops, compressed class ptrs, g1 gc, linux-amd64)
GC Precious Log:
 CPUs: 2 total, 2 available
 Memory: 2760M
 Large Page Support: Disabled
 NUMA Support: Disabled
 Compressed Oops: Enabled (Zero based)
 Heap Region Size: 2M
 Heap Min Capacity: 8M
 Heap Initial Capacity: 44M
 Heap Max Capacity: 4G
 Pre-touch: Disabled
 Parallel Workers: 2
 Concurrent Workers: 1
 Concurrent Refinement Workers: 2
 Periodic GC: Disabled
Heap:
 garbage-first heap   total 1146880K, used 180334K [0x0000000700000000, 0x0000000800000000)
  region size 2048K, 66 young (135168K), 4 survivors (8192K)
 Metaspace       used 38022K, committed 38464K, reserved 1114112K
  class space    used 5210K, committed 5376K, reserved 1048576K
GC Heap History (20 events):
Event: 86.826 GC heap before
{Heap before GC invocations=40 (full 0):
 garbage-first heap   total 360448K, used 251819K [0x0000000700000000, 0x0000000800000000)
  region size 2048K, 105 young (215040K), 3 survivors (6144K)
 Metaspace       used 37976K, committed 38336K, reserved 1114112K
  class space    used 5210K, committed 5376K, reserved 1048576K
}
Event: 87.146 GC heap after
{Heap after GC invocations=41 (full 0):
 garbage-first heap   total 360448K, used 44187K [0x0000000700000000, 0x0000000800000000)
  region size 2048K, 3 young (6144K), 3 survivors (6144K)
 Metaspace       used 37976K, committed 38336K, reserved 1114112K
  class space    used 5210K, committed 5376K, reserved 1048576K
}
Event: 87.453 GC heap before
{Heap before GC invocations=41 (full 0):
 garbage-first heap   total 360448K, used 54427K [0x0000000700000000, 0x0000000800000000)
  region size 2048K, 8 young (16384K), 3 survivors (6144K)
 Metaspace       used 37976K, committed 38336K, reserved 1114112K
  class space    used 5210K, committed 5376K, reserved 1048576K
}
Event: 87.550 GC heap after
{Heap after GC invocations=42 (full 0):
 garbage-first heap   total 573440K, used 44125K [0x0000000700000000, 0x0000000800000000)
  region size 2048K, 1 young (2048K), 1 survivors (2048K)
 Metaspace       used 37976K, committed 38336K, reserved 1114112K
  class space    used 5210K, committed 5376K, reserved 1048576K
}
Event: 104.662 GC heap before
{Heap before GC invocations=42 (full 0):
 garbage-first heap   total 573440K, used 386141K [0x0000000700000000, 0x0000000800000000)
  region size 2048K, 168 young (344064K), 1 survivors (2048K)
 Metaspace       used 37983K, committed 38336K, reserved 1114112K
  class space    used 5210K, committed 5376K, reserved 1048576K
}
Event: 104.848 GC heap after
{Heap after GC invocations=43 (full 0):
 garbage-first heap   total 573440K, used 46551K [0x0000000700000000, 0x0000000800000000)
  region size 2048K, 2 young (4096K), 2 survivors (4096K)
 Metaspace       used 37983K, committed 38336K, reserved 1114112K
  class space    used 5210K, committed 5376K, reserved 1048576K
}
Event: 108.122 GC heap before
{Heap before GC invocations=43 (full 0):
 garbage-first heap   total 573440K, used 290263K [0x0000000700000000, 0x0000000800000000)
  region size 2048K, 121 young (247808K), 2 survivors (4096K)
 Metaspace       used 37988K, committed 38336K, reserved 1114112K
  class space    used 5210K, committed 5376K, reserved 1048576K
}
Event: 108.185 GC heap after
{Heap after GC invocations=44 (full 0):
 garbage-first heap   total 573440K, used 47876K [0x0000000700000000, 0x0000000800000000)
  region size 2048K, 3 young (6144K), 3 survivors (6144K)
 Metaspace       used 37988K, committed 38336K, reserved 1114112K
  class space    used 5210K, committed 5376K, reserved 1048576K
}
Event: 113.185 GC heap before
{Heap before GC invocations=44 (full 0):
 garbage-first heap   total 573440K, used 267012K [0x0000000700000000, 0x0000000800000000)
  region size 2048K, 110 young (225280K), 3 survivors (6144K)
 Metaspace       used 37989K, committed 38336K, reserved 1114112K
  class space    used 5210K, committed 5376K, reserved 1048576K
}
Event: 113.671 GC heap after
{Heap after GC invocations=45 (full 0):
 garbage-first heap   total 573440K, used 49228K [0x0000000700000000, 0x0000000800000000)
  region size 2048K, 4 young (8192K), 4 survivors (8192K)
 Metaspace       used 37989K, committed 38336K, reserved 1114112K
  class space    used 5210K, committed 5376K, reserved 1048576K
}
Event: 114.050 GC heap before
{Heap before GC invocations=45 (full 0):
 garbage-first heap   total 573440K, used 69708K [0x0000000700000000, 0x0000000800000000)
  region size 2048K, 14 young (28672K), 4 survivors (8192K)
 Metaspace       used 37989K, committed 38336K, reserved 1114112K
  class space    used 5210K, committed 5376K, reserved 1048576K
}
Event: 114.108 GC heap after
{Heap after GC invocations=46 (full 0):
 garbage-first heap   total 573440K, used 49378K [0x0000000700000000, 0x0000000800000000)
  region size 2048K, 1 young (2048K), 1 survivors (2048K)
 Metaspace       used 37989K, committed 38336K, reserved 1114112K
  class space    used 5210K, committed 5376K, reserved 1048576K
}
Event: 119.274 GC heap before
{Heap before GC invocations=46 (full 0):
 garbage-first heap   total 573440K, used 391394K [0x0000000700000000, 0x0000000800000000)
  region size 2048K, 168 young (344064K), 1 survivors (2048K)
 Metaspace       used 38000K, committed 38336K, reserved 1114112K
  class space    used 5210K, committed 5376K, reserved 1048576K
}
Event: 119.301 GC heap after
{Heap after GC invocations=47 (full 0):
 garbage-first heap   total 573440K, used 50888K [0x0000000700000000, 0x0000000800000000)
  region size 2048K, 2 young (4096K), 2 survivors (4096K)
 Metaspace       used 38000K, committed 38336K, reserved 1114112K
  class space    used 5210K, committed 5376K, reserved 1048576K
}
Event: 120.901 GC heap before
{Heap before GC invocations=47 (full 0):
 garbage-first heap   total 573440K, used 390856K [0x0000000700000000, 0x0000000800000000)
  region size 2048K, 168 young (344064K), 2 survivors (4096K)
 Metaspace       used 38004K, committed 38336K, reserved 1114112K
  class space    used 5210K, committed 5376K, reserved 1048576K
}
Event: 120.934 GC heap after
{Heap after GC invocations=48 (full 0):
 garbage-first heap   total 573440K, used 52370K [0x0000000700000000, 0x0000000800000000)
  region size 2048K, 3 young (6144K), 3 survivors (6144K)
 Metaspace       used 38004K, committed 38336K, reserved 1114112K
  class space    used 5210K, committed 5376K, reserved 1048576K
}
Event: 122.322 GC heap before
{Heap before GC invocations=48 (full 0):
 garbage-first heap   total 573440K, used 390290K [0x0000000700000000, 0x0000000800000000)
  region size 2048K, 168 young (344064K), 3 survivors (6144K)
 Metaspace       used 38007K, committed 38336K, reserved 1114112K
  class space    used 5210K, committed 5376K, reserved 1048576K
}
Event: 122.358 GC heap after
{Heap after GC invocations=49 (full 0):
 garbage-first heap   total 573440K, used 53458K [0x0000000700000000, 0x0000000800000000)
  region size 2048K, 3 young (6144K), 3 survivors (6144K)
 Metaspace       used 38007K, committed 38336K, reserved 1114112K
  class space    used 5210K, committed 5376K, reserved 1048576K
}
Event: 124.099 GC heap before
{Heap before GC invocations=49 (full 0):
 garbage-first heap   total 573440K, used 391378K [0x0000000700000000, 0x0000000800000000)
  region size 2048K, 168 young (344064K), 3 survivors (6144K)
 Metaspace       used 38017K, committed 38400K, reserved 1114112K
  class space    used 5210K, committed 5376K, reserved 1048576K
}
Event: 124.206 GC heap after
{Heap after GC invocations=50 (full 0):
 garbage-first heap   total 1146880K, used 55406K [0x0000000700000000, 0x0000000800000000)
  region size 2048K, 4 young (8192K), 4 survivors (8192K)
 Metaspace       used 38017K, committed 38400K, reserved 1114112K
  class space    used 5210K, committed 5376K, reserved 1048576K
}

