# JRE version: OpenJDK Runtime Environment (17.0.19+10) (build 17.0.19+10-1-deb12u2-Debian)
# Java VM: OpenJDK 64-Bit Server VM (17.0.19+10-1-deb12u2-Debian, mixed mode, sharing, tiered, compressed oops, compressed class ptrs, g1 gc, linux-amd64)
GC Precious Log:
 CPUs: 2 total, 2 available
 Memory: 2760M
 Large Page Support: Disabled
 NUMA Support: Disabled
 Compressed Oops: Enabled (32-bit)
 Heap Region Size: 1M
 Heap Min Capacity: 8M
 Heap Initial Capacity: 44M
 Heap Max Capacity: 692M
 Pre-touch: Disabled
 Parallel Workers: 2
 Concurrent Workers: 1
 Concurrent Refinement Workers: 2
 Periodic GC: Disabled
Heap:
 garbage-first heap   total 47104K, used 30699K [0x00000000d4c00000, 0x0000000100000000)
  region size 1024K, 20 young (20480K), 2 survivors (2048K)
 Metaspace       used 9834K, committed 10048K, reserved 1114112K
  class space    used 1273K, committed 1408K, reserved 1048576K
GC Heap History (10 events):
Event: 3.678 GC heap before
{Heap before GC invocations=0 (full 0):
 garbage-first heap   total 47104K, used 6068K [0x00000000d4c00000, 0x0000000100000000)
  region size 1024K, 6 young (6144K), 0 survivors (0K)
 Metaspace       used 1674K, committed 1728K, reserved 1114112K
  class space    used 173K, committed 192K, reserved 1048576K
}
Event: 3.700 GC heap after
{Heap after GC invocations=1 (full 0):
 garbage-first heap   total 47104K, used 2221K [0x00000000d4c00000, 0x0000000100000000)
  region size 1024K, 1 young (1024K), 1 survivors (1024K)
 Metaspace       used 1674K, committed 1728K, reserved 1114112K
  class space    used 173K, committed 192K, reserved 1048576K
}
Event: 4.653 GC heap before
{Heap before GC invocations=1 (full 0):
 garbage-first heap   total 47104K, used 7341K [0x00000000d4c00000, 0x0000000100000000)
  region size 1024K, 7 young (7168K), 1 survivors (1024K)
 Metaspace       used 1855K, committed 2048K, reserved 1114112K
  class space    used 183K, committed 256K, reserved 1048576K
}
Event: 4.680 GC heap after
{Heap after GC invocations=2 (full 0):
 garbage-first heap   total 47104K, used 4298K [0x00000000d4c00000, 0x0000000100000000)
  region size 1024K, 1 young (1024K), 1 survivors (1024K)
 Metaspace       used 1855K, committed 2048K, reserved 1114112K
  class space    used 183K, committed 256K, reserved 1048576K
}
Event: 7.798 GC heap before
{Heap before GC invocations=2 (full 0):
 garbage-first heap   total 47104K, used 19658K [0x00000000d4c00000, 0x0000000100000000)
  region size 1024K, 13 young (13312K), 1 survivors (1024K)
 Metaspace       used 4656K, committed 4800K, reserved 1114112K
  class space    used 604K, committed 704K, reserved 1048576K
}
Event: 7.830 GC heap after
{Heap after GC invocations=3 (full 0):
 garbage-first heap   total 47104K, used 11367K [0x00000000d4c00000, 0x0000000100000000)
  region size 1024K, 2 young (2048K), 2 survivors (2048K)
 Metaspace       used 4656K, committed 4800K, reserved 1114112K
  class space    used 604K, committed 704K, reserved 1048576K
}
Event: 9.949 GC heap before
{Heap before GC invocations=3 (full 0):
 garbage-first heap   total 47104K, used 22631K [0x00000000d4c00000, 0x0000000100000000)
  region size 1024K, 14 young (14336K), 2 survivors (2048K)
 Metaspace       used 7410K, committed 7616K, reserved 1114112K
  class space    used 1015K, committed 1088K, reserved 1048576K
}
Event: 9.974 GC heap after
{Heap after GC invocations=4 (full 0):
 garbage-first heap   total 47104K, used 11868K [0x00000000d4c00000, 0x0000000100000000)
  region size 1024K, 1 young (1024K), 1 survivors (1024K)
 Metaspace       used 7410K, committed 7616K, reserved 1114112K
  class space    used 1015K, committed 1088K, reserved 1048576K
}
Event: 506.467 GC heap before
{Heap before GC invocations=4 (full 0):
 garbage-first heap   total 47104K, used 26204K [0x00000000d4c00000, 0x0000000100000000)
  region size 1024K, 15 young (15360K), 1 survivors (1024K)
 Metaspace       used 9809K, committed 10048K, reserved 1114112K
  class space    used 1272K, committed 1408K, reserved 1048576K
}
Event: 506.500 GC heap after
{Heap after GC invocations=5 (full 0):
 garbage-first heap   total 47104K, used 12267K [0x00000000d4c00000, 0x0000000100000000)
  region size 1024K, 2 young (2048K), 2 survivors (2048K)
 Metaspace       used 9809K, committed 10048K, reserved 1114112K
  class space    used 1272K, committed 1408K, reserved 1048576K
}

