# JRE version: OpenJDK Runtime Environment (17.0.19+10) (build 17.0.19+10-1-deb12u2-Debian)
# Java VM: OpenJDK 64-Bit Server VM (17.0.19+10-1-deb12u2-Debian, mixed mode, sharing, tiered, compressed oops, compressed class ptrs, g1 gc, linux-amd64)
GC Precious Log:
 CPUs: 2 total, 2 available
 Memory: 2760M
 Large Page Support: Disabled
 NUMA Support: Disabled
 Compressed Oops: Enabled (32-bit)
 Heap Region Size: 1M
 Heap Min Capacity: 8M
 Heap Initial Capacity: 44M
 Heap Max Capacity: 692M
 Pre-touch: Disabled
 Parallel Workers: 2
 Concurrent Workers: 1
 Concurrent Refinement Workers: 2
 Periodic GC: Disabled
Heap:
 garbage-first heap   total 47104K, used 17259K [0x00000000d4c00000, 0x0000000100000000)
  region size 1024K, 7 young (7168K), 1 survivors (1024K)
 Metaspace       used 9632K, committed 9856K, reserved 1114112K
  class space    used 1271K, committed 1408K, reserved 1048576K
GC Heap History (8 events):
Event: 1.960 GC heap before
{Heap before GC invocations=0 (full 0):
 garbage-first heap   total 47104K, used 6068K [0x00000000d4c00000, 0x0000000100000000)
  region size 1024K, 6 young (6144K), 0 survivors (0K)
 Metaspace       used 1650K, committed 1728K, reserved 1114112K
  class space    used 173K, committed 192K, reserved 1048576K
}
Event: 1.976 GC heap after
{Heap after GC invocations=1 (full 0):
 garbage-first heap   total 47104K, used 2216K [0x00000000d4c00000, 0x0000000100000000)
  region size 1024K, 1 young (1024K), 1 survivors (1024K)
 Metaspace       used 1650K, committed 1728K, reserved 1114112K
  class space    used 173K, committed 192K, reserved 1048576K
}
Event: 2.988 GC heap before
{Heap before GC invocations=1 (full 0):
 garbage-first heap   total 47104K, used 7336K [0x00000000d4c00000, 0x0000000100000000)
  region size 1024K, 7 young (7168K), 1 survivors (1024K)
 Metaspace       used 1811K, committed 1984K, reserved 1114112K
  class space    used 180K, committed 256K, reserved 1048576K
}
Event: 3.035 GC heap after
{Heap after GC invocations=2 (full 0):
 garbage-first heap   total 47104K, used 3620K [0x00000000d4c00000, 0x0000000100000000)
  region size 1024K, 1 young (1024K), 1 survivors (1024K)
 Metaspace       used 1811K, committed 1984K, reserved 1114112K
  class space    used 180K, committed 256K, reserved 1048576K
}
Event: 6.816 GC heap before
{Heap before GC invocations=2 (full 0):
 garbage-first heap   total 47104K, used 22052K [0x00000000d4c00000, 0x0000000100000000)
  region size 1024K, 15 young (15360K), 1 survivors (1024K)
 Metaspace       used 4895K, committed 5120K, reserved 1114112K
  class space    used 643K, committed 768K, reserved 1048576K
}
Event: 6.849 GC heap after
{Heap after GC invocations=3 (full 0):
 garbage-first heap   total 47104K, used 11515K [0x00000000d4c00000, 0x0000000100000000)
  region size 1024K, 2 young (2048K), 2 survivors (2048K)
 Metaspace       used 4895K, committed 5120K, reserved 1114112K
  class space    used 643K, committed 768K, reserved 1048576K
}
Event: 8.484 GC heap before
{Heap before GC invocations=3 (full 0):
 garbage-first heap   total 47104K, used 24827K [0x00000000d4c00000, 0x0000000100000000)
  region size 1024K, 15 young (15360K), 2 survivors (2048K)
 Metaspace       used 7680K, committed 7872K, reserved 1114112K
  class space    used 1058K, committed 1152K, reserved 1048576K
}
Event: 8.510 GC heap after
{Heap after GC invocations=4 (full 0):
 garbage-first heap   total 47104K, used 12139K [0x00000000d4c00000, 0x0000000100000000)
  region size 1024K, 1 young (1024K), 1 survivors (1024K)
 Metaspace       used 7680K, committed 7872K, reserved 1114112K
  class space    used 1058K, committed 1152K, reserved 1048576K
}

